<?xml version="1.0" encoding="UTF-8"?>
<!-- Generated by org.testng.reporters.JUnitReportReporter -->
<testsuite hostname="USBLRSSOUNDARA3" name="com.AA.tests.ReservationWithoutSeats" tests="1" failures="0" timestamp="4 Aug 2019 19:21:12 GMT" time="98.223" errors="0">
  <testcase name="test" time="98.223" classname="com.AA.tests.ReservationWithoutSeats"/>
</testsuite> <!-- com.AA.tests.ReservationWithoutSeats -->
